[2019-10-26 10:31:01] |      DriverLayer.cpp-L0552: device speed: [4]
[2019-10-26 10:31:01] |    DeviceControl.cpp-L1437: AcquisitionStart Execute Success 
[2019-10-26 10:31:02] |    StreamProcess.cpp-L1471: delete one DataNode
[2019-10-26 10:31:02] |    StreamProcess.cpp-L1471: delete one DataNode
[2019-10-26 10:31:02] |    StreamProcess.cpp-L1471: delete one DataNode
[2019-10-26 10:31:02] |    StreamProcess.cpp-L1471: delete one DataNode
[2019-10-26 10:31:02] |    StreamProcess.cpp-L1471: delete one DataNode
[2019-10-26 10:31:02] |    StreamProcess.cpp-L1471: delete one DataNode
[2019-10-26 10:31:02] |    StreamProcess.cpp-L1471: delete one DataNode
[2019-10-26 10:31:02] |    StreamProcess.cpp-L1471: delete one DataNode
[2019-10-26 10:31:02] |    StreamProcess.cpp-L1471: delete one DataNode
[2019-10-26 10:31:02] |    StreamProcess.cpp-L1471: delete one DataNode
[2019-10-26 10:31:02] |    StreamProcess.cpp-L1471: delete one DataNode
[2019-10-26 10:31:02] |    StreamProcess.cpp-L1471: delete one DataNode
[2019-10-26 10:31:02] |    StreamProcess.cpp-L0541: nFrameNum[0] pstFrameInfo->nFrameNum[13]
[2019-10-26 10:31:02] |    StreamProcess.cpp-L1471: delete one DataNode
[2019-10-26 10:31:02] |    StreamProcess.cpp-L1471: delete one DataNode
[2019-10-26 10:31:02] |    StreamProcess.cpp-L1471: delete one DataNode
[2019-10-26 10:31:02] |    StreamProcess.cpp-L1471: delete one DataNode
[2019-10-26 10:31:02] |    StreamProcess.cpp-L1471: delete one DataNode
[2019-10-26 10:31:02] |    StreamProcess.cpp-L1471: delete one DataNode
[2019-10-26 10:31:02] |    StreamProcess.cpp-L1471: delete one DataNode
[2019-10-26 10:31:02] |    StreamProcess.cpp-L1471: delete one DataNode
[2019-10-26 10:31:02] |    StreamProcess.cpp-L1471: delete one DataNode
[2019-10-26 10:31:02] |    StreamProcess.cpp-L1471: delete one DataNode
[2019-10-26 10:31:02] |    StreamProcess.cpp-L0541: nFrameNum[13] pstFrameInfo->nFrameNum[24]
[2019-10-26 10:31:02] |    StreamProcess.cpp-L1471: delete one DataNode
[2019-10-26 10:31:02] |    StreamProcess.cpp-L1471: delete one DataNode
[2019-10-26 10:31:02] |    StreamProcess.cpp-L1471: delete one DataNode
[2019-10-26 10:31:02] |    StreamProcess.cpp-L1471: delete one DataNode
[2019-10-26 10:31:02] |    StreamProcess.cpp-L1471: delete one DataNode
[2019-10-26 10:31:02] |    StreamProcess.cpp-L1471: delete one DataNode
[2019-10-26 10:31:02] |    StreamProcess.cpp-L1471: delete one DataNode
[2019-10-26 10:31:02] |    StreamProcess.cpp-L1471: delete one DataNode
[2019-10-26 10:31:02] |    StreamProcess.cpp-L1471: delete one DataNode
[2019-10-26 10:31:02] |    StreamProcess.cpp-L1471: delete one DataNode
[2019-10-26 10:31:02] |    StreamProcess.cpp-L0541: nFrameNum[24] pstFrameInfo->nFrameNum[35]
[2019-10-26 10:31:02] |    StreamProcess.cpp-L1471: delete one DataNode
[2019-10-26 10:31:02] |    StreamProcess.cpp-L1471: delete one DataNode
[2019-10-26 10:31:02] |    StreamProcess.cpp-L1471: delete one DataNode
[2019-10-26 10:31:02] |    StreamProcess.cpp-L1471: delete one DataNode
[2019-10-26 10:31:02] |    StreamProcess.cpp-L1471: delete one DataNode
[2019-10-26 10:31:02] |    StreamProcess.cpp-L1471: delete one DataNode
[2019-10-26 10:31:02] |    StreamProcess.cpp-L1471: delete one DataNode
[2019-10-26 10:31:02] |    StreamProcess.cpp-L1471: delete one DataNode
[2019-10-26 10:31:02] |    StreamProcess.cpp-L1471: delete one DataNode
[2019-10-26 10:31:02] |    StreamProcess.cpp-L1471: delete one DataNode
[2019-10-26 10:31:02] |    StreamProcess.cpp-L1471: delete one DataNode
[2019-10-26 10:31:02] |    StreamProcess.cpp-L0541: nFrameNum[35] pstFrameInfo->nFrameNum[47]
[2019-10-26 10:31:02] |    StreamProcess.cpp-L1471: delete one DataNode
[2019-10-26 10:31:02] |    StreamProcess.cpp-L1471: delete one DataNode
[2019-10-26 10:31:02] |    StreamProcess.cpp-L1471: delete one DataNode
[2019-10-26 10:31:02] |    StreamProcess.cpp-L1471: delete one DataNode
[2019-10-26 10:31:02] |    StreamProcess.cpp-L1471: delete one DataNode
[2019-10-26 10:31:02] |    StreamProcess.cpp-L1471: delete one DataNode
[2019-10-26 10:31:02] |    StreamProcess.cpp-L1471: delete one DataNode
[2019-10-26 10:31:02] |    StreamProcess.cpp-L1471: delete one DataNode
[2019-10-26 10:31:02] |    StreamProcess.cpp-L1471: delete one DataNode
[2019-10-26 10:31:02] |    StreamProcess.cpp-L1471: delete one DataNode
[2019-10-26 10:31:02] |    StreamProcess.cpp-L0541: nFrameNum[47] pstFrameInfo->nFrameNum[58]
[2019-10-26 10:31:02] |    StreamProcess.cpp-L1471: delete one DataNode
[2019-10-26 10:31:02] |    StreamProcess.cpp-L1471: delete one DataNode
[2019-10-26 10:31:02] |    StreamProcess.cpp-L1471: delete one DataNode
[2019-10-26 10:31:02] |    StreamProcess.cpp-L1471: delete one DataNode
[2019-10-26 10:31:02] |    StreamProcess.cpp-L1471: delete one DataNode
[2019-10-26 10:31:02] |    StreamProcess.cpp-L1471: delete one DataNode
[2019-10-26 10:31:02] |    StreamProcess.cpp-L1471: delete one DataNode
[2019-10-26 10:31:02] |    StreamProcess.cpp-L1471: delete one DataNode
[2019-10-26 10:31:02] |    StreamProcess.cpp-L1471: delete one DataNode
[2019-10-26 10:31:02] |    StreamProcess.cpp-L1471: delete one DataNode
[2019-10-26 10:31:02] |    StreamProcess.cpp-L0541: nFrameNum[58] pstFrameInfo->nFrameNum[69]
[2019-10-26 10:31:02] |    StreamProcess.cpp-L1471: delete one DataNode
[2019-10-26 10:31:02] |    StreamProcess.cpp-L1471: delete one DataNode
[2019-10-26 10:31:02] |    StreamProcess.cpp-L1471: delete one DataNode
[2019-10-26 10:31:02] |    StreamProcess.cpp-L1471: delete one DataNode
[2019-10-26 10:31:02] |    StreamProcess.cpp-L1471: delete one DataNode
[2019-10-26 10:31:02] |    StreamProcess.cpp-L1471: delete one DataNode
[2019-10-26 10:31:02] |    StreamProcess.cpp-L1471: delete one DataNode
[2019-10-26 10:31:02] |    StreamProcess.cpp-L1471: delete one DataNode
[2019-10-26 10:31:02] |    StreamProcess.cpp-L1471: delete one DataNode
[2019-10-26 10:31:02] |    StreamProcess.cpp-L1471: delete one DataNode
[2019-10-26 10:31:02] |    StreamProcess.cpp-L0541: nFrameNum[69] pstFrameInfo->nFrameNum[80]
[2019-10-26 10:31:02] |    StreamProcess.cpp-L1471: delete one DataNode
[2019-10-26 10:31:02] |    StreamProcess.cpp-L1471: delete one DataNode
[2019-10-26 10:31:02] |    StreamProcess.cpp-L1471: delete one DataNode
[2019-10-26 10:31:02] |    StreamProcess.cpp-L1471: delete one DataNode
[2019-10-26 10:31:02] |    StreamProcess.cpp-L1471: delete one DataNode
[2019-10-26 10:31:02] |    StreamProcess.cpp-L1471: delete one DataNode
[2019-10-26 10:31:02] |    StreamProcess.cpp-L1471: delete one DataNode
[2019-10-26 10:31:03] |    StreamProcess.cpp-L1471: delete one DataNode
[2019-10-26 10:31:03] |    StreamProcess.cpp-L1471: delete one DataNode
[2019-10-26 10:31:03] |    StreamProcess.cpp-L0541: nFrameNum[80] pstFrameInfo->nFrameNum[90]
[2019-10-26 10:31:03] |    StreamProcess.cpp-L1471: delete one DataNode
[2019-10-26 10:31:03] |    StreamProcess.cpp-L1471: delete one DataNode
[2019-10-26 10:31:03] |    StreamProcess.cpp-L1471: delete one DataNode
[2019-10-26 10:31:03] |    StreamProcess.cpp-L1471: delete one DataNode
[2019-10-26 10:31:03] |    StreamProcess.cpp-L1471: delete one DataNode
[2019-10-26 10:31:03] |    StreamProcess.cpp-L1471: delete one DataNode
[2019-10-26 10:31:03] |    StreamProcess.cpp-L1471: delete one DataNode
[2019-10-26 10:31:03] |    StreamProcess.cpp-L1471: delete one DataNode
[2019-10-26 10:31:03] |    StreamProcess.cpp-L1471: delete one DataNode
[2019-10-26 10:31:03] |    StreamProcess.cpp-L1471: delete one DataNode
[2019-10-26 10:31:03] |    StreamProcess.cpp-L1471: delete one DataNode
[2019-10-26 10:31:03] |    StreamProcess.cpp-L1471: delete one DataNode
[2019-10-26 10:31:03] |    StreamProcess.cpp-L0541: nFrameNum[90] pstFrameInfo->nFrameNum[101]
[2019-10-26 10:31:03] |    StreamProcess.cpp-L1471: delete one DataNode
[2019-10-26 10:31:03] |    StreamProcess.cpp-L1471: delete one DataNode
[2019-10-26 10:31:03] |    StreamProcess.cpp-L1471: delete one DataNode
[2019-10-26 10:31:03] |    StreamProcess.cpp-L1471: delete one DataNode
[2019-10-26 10:31:03] |    StreamProcess.cpp-L1471: delete one DataNode
[2019-10-26 10:31:03] |    StreamProcess.cpp-L1471: delete one DataNode
[2019-10-26 10:31:03] |    StreamProcess.cpp-L1471: delete one DataNode
[2019-10-26 10:31:03] |    StreamProcess.cpp-L1471: delete one DataNode
[2019-10-26 10:31:03] |    StreamProcess.cpp-L1471: delete one DataNode
[2019-10-26 10:31:03] |    StreamProcess.cpp-L1471: delete one DataNode
[2019-10-26 10:31:03] |    StreamProcess.cpp-L1471: delete one DataNode
[2019-10-26 10:31:03] |    StreamProcess.cpp-L0541: nFrameNum[101] pstFrameInfo->nFrameNum[113]
[2019-10-26 10:31:03] |    StreamProcess.cpp-L1471: delete one DataNode
[2019-10-26 10:31:03] |    StreamProcess.cpp-L1471: delete one DataNode
[2019-10-26 10:31:03] |    StreamProcess.cpp-L1471: delete one DataNode
[2019-10-26 10:31:03] |    StreamProcess.cpp-L1471: delete one DataNode
[2019-10-26 10:31:03] |    StreamProcess.cpp-L1471: delete one DataNode
[2019-10-26 10:31:03] |    StreamProcess.cpp-L1471: delete one DataNode
[2019-10-26 10:31:03] |    StreamProcess.cpp-L1471: delete one DataNode
[2019-10-26 10:31:03] |    StreamProcess.cpp-L1471: delete one DataNode
[2019-10-26 10:31:03] |    StreamProcess.cpp-L1471: delete one DataNode
[2019-10-26 10:31:03] |    StreamProcess.cpp-L1471: delete one DataNode
[2019-10-26 10:31:03] |    StreamProcess.cpp-L0541: nFrameNum[113] pstFrameInfo->nFrameNum[124]
[2019-10-26 10:31:03] |    StreamProcess.cpp-L1471: delete one DataNode
[2019-10-26 10:31:03] |    StreamProcess.cpp-L1471: delete one DataNode
[2019-10-26 10:31:03] |    StreamProcess.cpp-L1471: delete one DataNode
[2019-10-26 10:31:03] |    StreamProcess.cpp-L1471: delete one DataNode
[2019-10-26 10:31:03] |    StreamProcess.cpp-L1471: delete one DataNode
[2019-10-26 10:31:03] |    StreamProcess.cpp-L1471: delete one DataNode
[2019-10-26 10:31:03] |    StreamProcess.cpp-L1471: delete one DataNode
[2019-10-26 10:31:03] |    StreamProcess.cpp-L1471: delete one DataNode
[2019-10-26 10:31:03] |    StreamProcess.cpp-L1471: delete one DataNode
[2019-10-26 10:31:03] |    StreamProcess.cpp-L1471: delete one DataNode
[2019-10-26 10:31:03] |    StreamProcess.cpp-L0541: nFrameNum[124] pstFrameInfo->nFrameNum[135]
[2019-10-26 10:31:03] |    StreamProcess.cpp-L1471: delete one DataNode
[2019-10-26 10:31:03] |    StreamProcess.cpp-L1471: delete one DataNode
[2019-10-26 10:31:03] |    StreamProcess.cpp-L1471: delete one DataNode
[2019-10-26 10:31:03] |    StreamProcess.cpp-L1471: delete one DataNode
[2019-10-26 10:31:03] |    StreamProcess.cpp-L1471: delete one DataNode
[2019-10-26 10:31:03] |    StreamProcess.cpp-L1471: delete one DataNode
[2019-10-26 10:31:03] |    StreamProcess.cpp-L1471: delete one DataNode
[2019-10-26 10:31:03] |    StreamProcess.cpp-L1471: delete one DataNode
[2019-10-26 10:31:03] |    StreamProcess.cpp-L1471: delete one DataNode
[2019-10-26 10:31:03] |    StreamProcess.cpp-L1471: delete one DataNode
[2019-10-26 10:31:03] |    StreamProcess.cpp-L0541: nFrameNum[135] pstFrameInfo->nFrameNum[146]
[2019-10-26 10:31:03] |    StreamProcess.cpp-L1471: delete one DataNode
[2019-10-26 10:31:03] |    StreamProcess.cpp-L1471: delete one DataNode
[2019-10-26 10:31:03] |    StreamProcess.cpp-L1471: delete one DataNode
[2019-10-26 10:31:03] |    StreamProcess.cpp-L1471: delete one DataNode
[2019-10-26 10:31:03] |    StreamProcess.cpp-L1471: delete one DataNode
[2019-10-26 10:31:03] |    StreamProcess.cpp-L1471: delete one DataNode
[2019-10-26 10:31:03] |    StreamProcess.cpp-L1471: delete one DataNode
[2019-10-26 10:31:03] |    StreamProcess.cpp-L1471: delete one DataNode
[2019-10-26 10:31:03] |    StreamProcess.cpp-L1471: delete one DataNode
[2019-10-26 10:31:03] |    StreamProcess.cpp-L1471: delete one DataNode
[2019-10-26 10:31:03] |    StreamProcess.cpp-L0541: nFrameNum[146] pstFrameInfo->nFrameNum[157]
[2019-10-26 10:31:03] |    StreamProcess.cpp-L1471: delete one DataNode
[2019-10-26 10:31:03] |    StreamProcess.cpp-L1471: delete one DataNode
[2019-10-26 10:31:03] |    StreamProcess.cpp-L1471: delete one DataNode
[2019-10-26 10:31:03] |    StreamProcess.cpp-L1471: delete one DataNode
[2019-10-26 10:31:03] |    StreamProcess.cpp-L1471: delete one DataNode
[2019-10-26 10:31:03] |    StreamProcess.cpp-L1471: delete one DataNode
[2019-10-26 10:31:03] |    StreamProcess.cpp-L1471: delete one DataNode
[2019-10-26 10:31:03] |    StreamProcess.cpp-L1471: delete one DataNode
[2019-10-26 10:31:03] |    StreamProcess.cpp-L1471: delete one DataNode
[2019-10-26 10:31:03] |    StreamProcess.cpp-L1471: delete one DataNode
[2019-10-26 10:31:03] |    StreamProcess.cpp-L0541: nFrameNum[157] pstFrameInfo->nFrameNum[168]
[2019-10-26 10:31:03] |    StreamProcess.cpp-L1471: delete one DataNode
[2019-10-26 10:31:03] |    StreamProcess.cpp-L1471: delete one DataNode
[2019-10-26 10:31:03] |    StreamProcess.cpp-L1471: delete one DataNode
[2019-10-26 10:31:03] |    StreamProcess.cpp-L1471: delete one DataNode
[2019-10-26 10:31:03] |    StreamProcess.cpp-L1471: delete one DataNode
[2019-10-26 10:31:03] |    StreamProcess.cpp-L1471: delete one DataNode
[2019-10-26 10:31:03] |    StreamProcess.cpp-L1471: delete one DataNode
[2019-10-26 10:31:03] |    StreamProcess.cpp-L1471: delete one DataNode
[2019-10-26 10:31:03] |    StreamProcess.cpp-L1471: delete one DataNode
[2019-10-26 10:31:04] |    StreamProcess.cpp-L1471: delete one DataNode
[2019-10-26 10:31:04] |    StreamProcess.cpp-L0541: nFrameNum[168] pstFrameInfo->nFrameNum[179]
[2019-10-26 10:31:04] |    StreamProcess.cpp-L1471: delete one DataNode
[2019-10-26 10:31:04] |    StreamProcess.cpp-L1471: delete one DataNode
[2019-10-26 10:31:04] |    StreamProcess.cpp-L1471: delete one DataNode
[2019-10-26 10:31:04] |    StreamProcess.cpp-L1471: delete one DataNode
[2019-10-26 10:31:04] |    StreamProcess.cpp-L1471: delete one DataNode
[2019-10-26 10:31:04] |    StreamProcess.cpp-L1471: delete one DataNode
[2019-10-26 10:31:04] |    StreamProcess.cpp-L1471: delete one DataNode
[2019-10-26 10:31:04] |    StreamProcess.cpp-L1471: delete one DataNode
[2019-10-26 10:31:04] |    StreamProcess.cpp-L1471: delete one DataNode
[2019-10-26 10:31:04] |    StreamProcess.cpp-L1471: delete one DataNode
[2019-10-26 10:31:04] |    StreamProcess.cpp-L0541: nFrameNum[179] pstFrameInfo->nFrameNum[190]
[2019-10-26 10:31:04] |    StreamProcess.cpp-L1471: delete one DataNode
[2019-10-26 10:31:04] |    StreamProcess.cpp-L1471: delete one DataNode
[2019-10-26 10:31:04] |    StreamProcess.cpp-L1471: delete one DataNode
[2019-10-26 10:31:04] |    StreamProcess.cpp-L1471: delete one DataNode
[2019-10-26 10:31:04] |    StreamProcess.cpp-L1471: delete one DataNode
[2019-10-26 10:31:04] |    StreamProcess.cpp-L1471: delete one DataNode
[2019-10-26 10:31:04] |    StreamProcess.cpp-L1471: delete one DataNode
[2019-10-26 10:31:04] |    StreamProcess.cpp-L1471: delete one DataNode
[2019-10-26 10:31:04] |    StreamProcess.cpp-L1471: delete one DataNode
[2019-10-26 10:31:04] |    StreamProcess.cpp-L1471: delete one DataNode
[2019-10-26 10:31:04] |    StreamProcess.cpp-L0541: nFrameNum[190] pstFrameInfo->nFrameNum[201]
[2019-10-26 10:31:04] |    StreamProcess.cpp-L1471: delete one DataNode
[2019-10-26 10:31:04] |    StreamProcess.cpp-L1471: delete one DataNode
[2019-10-26 10:31:04] |    StreamProcess.cpp-L1471: delete one DataNode
[2019-10-26 10:31:04] |    StreamProcess.cpp-L1471: delete one DataNode
[2019-10-26 10:31:04] |    StreamProcess.cpp-L1471: delete one DataNode
[2019-10-26 10:31:04] |    StreamProcess.cpp-L1471: delete one DataNode
[2019-10-26 10:31:04] |    StreamProcess.cpp-L1471: delete one DataNode
[2019-10-26 10:31:04] |    StreamProcess.cpp-L1471: delete one DataNode
[2019-10-26 10:31:04] |    StreamProcess.cpp-L1471: delete one DataNode
[2019-10-26 10:31:04] |    StreamProcess.cpp-L1471: delete one DataNode
[2019-10-26 10:31:04] |    StreamProcess.cpp-L0541: nFrameNum[201] pstFrameInfo->nFrameNum[212]
[2019-10-26 10:31:04] |    StreamProcess.cpp-L1471: delete one DataNode
[2019-10-26 10:31:04] |    StreamProcess.cpp-L1471: delete one DataNode
[2019-10-26 10:31:04] |    StreamProcess.cpp-L1471: delete one DataNode
[2019-10-26 10:31:04] |    StreamProcess.cpp-L1471: delete one DataNode
[2019-10-26 10:31:04] |    StreamProcess.cpp-L1471: delete one DataNode
[2019-10-26 10:31:04] |    StreamProcess.cpp-L1471: delete one DataNode
[2019-10-26 10:31:04] |    StreamProcess.cpp-L1471: delete one DataNode
[2019-10-26 10:31:04] |    StreamProcess.cpp-L1471: delete one DataNode
[2019-10-26 10:31:04] |    StreamProcess.cpp-L1471: delete one DataNode
[2019-10-26 10:31:04] |    StreamProcess.cpp-L1471: delete one DataNode
[2019-10-26 10:31:04] |    StreamProcess.cpp-L0541: nFrameNum[212] pstFrameInfo->nFrameNum[223]
[2019-10-26 10:31:04] |    StreamProcess.cpp-L1471: delete one DataNode
[2019-10-26 10:31:04] |    StreamProcess.cpp-L1471: delete one DataNode
[2019-10-26 10:31:04] |    StreamProcess.cpp-L1471: delete one DataNode
[2019-10-26 10:31:04] |    StreamProcess.cpp-L1471: delete one DataNode
[2019-10-26 10:31:04] |    StreamProcess.cpp-L1471: delete one DataNode
[2019-10-26 10:31:04] |    StreamProcess.cpp-L1471: delete one DataNode
[2019-10-26 10:31:04] |    StreamProcess.cpp-L1471: delete one DataNode
[2019-10-26 10:31:04] |    StreamProcess.cpp-L1471: delete one DataNode
[2019-10-26 10:31:04] |    StreamProcess.cpp-L1471: delete one DataNode
[2019-10-26 10:31:04] |    StreamProcess.cpp-L1471: delete one DataNode
[2019-10-26 10:31:04] |    StreamProcess.cpp-L0541: nFrameNum[223] pstFrameInfo->nFrameNum[234]
[2019-10-26 10:31:04] |    StreamProcess.cpp-L1471: delete one DataNode
[2019-10-26 10:31:04] |    StreamProcess.cpp-L1471: delete one DataNode
[2019-10-26 10:31:04] |    StreamProcess.cpp-L1471: delete one DataNode
[2019-10-26 10:31:04] |    StreamProcess.cpp-L1471: delete one DataNode
[2019-10-26 10:31:04] |    StreamProcess.cpp-L1471: delete one DataNode
[2019-10-26 10:31:04] |    StreamProcess.cpp-L1471: delete one DataNode
[2019-10-26 10:31:04] |    StreamProcess.cpp-L1471: delete one DataNode
[2019-10-26 10:31:04] |    StreamProcess.cpp-L1471: delete one DataNode
[2019-10-26 10:31:04] |    StreamProcess.cpp-L1471: delete one DataNode
[2019-10-26 10:31:04] |    StreamProcess.cpp-L1471: delete one DataNode
[2019-10-26 10:31:04] |    StreamProcess.cpp-L0541: nFrameNum[234] pstFrameInfo->nFrameNum[245]
[2019-10-26 10:31:04] |    StreamProcess.cpp-L1471: delete one DataNode
[2019-10-26 10:31:04] |    StreamProcess.cpp-L1471: delete one DataNode
[2019-10-26 10:31:04] |    StreamProcess.cpp-L1471: delete one DataNode
[2019-10-26 10:31:04] |    StreamProcess.cpp-L1471: delete one DataNode
[2019-10-26 10:31:04] |    StreamProcess.cpp-L1471: delete one DataNode
[2019-10-26 10:31:04] |    StreamProcess.cpp-L1471: delete one DataNode
[2019-10-26 10:31:04] |    StreamProcess.cpp-L1471: delete one DataNode
[2019-10-26 10:31:04] |    StreamProcess.cpp-L1471: delete one DataNode
[2019-10-26 10:31:04] |    StreamProcess.cpp-L1471: delete one DataNode
[2019-10-26 10:31:04] |    StreamProcess.cpp-L1471: delete one DataNode
[2019-10-26 10:31:04] |    StreamProcess.cpp-L0541: nFrameNum[245] pstFrameInfo->nFrameNum[256]
[2019-10-26 10:31:04] |    StreamProcess.cpp-L1471: delete one DataNode
[2019-10-26 10:31:04] |    StreamProcess.cpp-L1471: delete one DataNode
[2019-10-26 10:31:04] |    StreamProcess.cpp-L1471: delete one DataNode
[2019-10-26 10:31:04] |    StreamProcess.cpp-L1471: delete one DataNode
[2019-10-26 10:31:04] |    StreamProcess.cpp-L1471: delete one DataNode
[2019-10-26 10:31:04] |    StreamProcess.cpp-L1471: delete one DataNode
[2019-10-26 10:31:04] |    StreamProcess.cpp-L1471: delete one DataNode
[2019-10-26 10:31:04] |    StreamProcess.cpp-L1471: delete one DataNode
[2019-10-26 10:31:04] |    StreamProcess.cpp-L1471: delete one DataNode
[2019-10-26 10:31:04] |    StreamProcess.cpp-L1471: delete one DataNode
[2019-10-26 10:31:04] |    StreamProcess.cpp-L0541: nFrameNum[256] pstFrameInfo->nFrameNum[267]
[2019-10-26 10:31:05] |    StreamProcess.cpp-L1471: delete one DataNode
[2019-10-26 10:31:05] |    StreamProcess.cpp-L1471: delete one DataNode
[2019-10-26 10:31:05] |    StreamProcess.cpp-L1471: delete one DataNode
[2019-10-26 10:31:05] |    StreamProcess.cpp-L1471: delete one DataNode
[2019-10-26 10:31:05] |    StreamProcess.cpp-L1471: delete one DataNode
[2019-10-26 10:31:05] |    StreamProcess.cpp-L1471: delete one DataNode
[2019-10-26 10:31:05] |    StreamProcess.cpp-L1471: delete one DataNode
[2019-10-26 10:31:05] |    StreamProcess.cpp-L1471: delete one DataNode
[2019-10-26 10:31:05] |    StreamProcess.cpp-L1471: delete one DataNode
[2019-10-26 10:31:05] |    StreamProcess.cpp-L1471: delete one DataNode
[2019-10-26 10:31:05] |    StreamProcess.cpp-L0541: nFrameNum[267] pstFrameInfo->nFrameNum[278]
[2019-10-26 10:31:05] |    StreamProcess.cpp-L1471: delete one DataNode
[2019-10-26 10:31:05] |    StreamProcess.cpp-L1471: delete one DataNode
[2019-10-26 10:31:05] |    StreamProcess.cpp-L1471: delete one DataNode
[2019-10-26 10:31:05] |    StreamProcess.cpp-L1471: delete one DataNode
[2019-10-26 10:31:05] |    StreamProcess.cpp-L1471: delete one DataNode
[2019-10-26 10:31:05] |    StreamProcess.cpp-L1471: delete one DataNode
[2019-10-26 10:31:05] |    StreamProcess.cpp-L1471: delete one DataNode
[2019-10-26 10:31:05] |    StreamProcess.cpp-L1471: delete one DataNode
[2019-10-26 10:31:05] |    StreamProcess.cpp-L1471: delete one DataNode
[2019-10-26 10:31:05] |    StreamProcess.cpp-L1471: delete one DataNode
[2019-10-26 10:31:05] |    StreamProcess.cpp-L0541: nFrameNum[278] pstFrameInfo->nFrameNum[289]
[2019-10-26 10:31:05] |    StreamProcess.cpp-L1471: delete one DataNode
[2019-10-26 10:31:05] |    StreamProcess.cpp-L1471: delete one DataNode
[2019-10-26 10:31:05] |    StreamProcess.cpp-L1471: delete one DataNode
[2019-10-26 10:31:05] |    StreamProcess.cpp-L1471: delete one DataNode
[2019-10-26 10:31:05] |    StreamProcess.cpp-L1471: delete one DataNode
[2019-10-26 10:31:05] |    StreamProcess.cpp-L1471: delete one DataNode
[2019-10-26 10:31:05] |    StreamProcess.cpp-L1471: delete one DataNode
[2019-10-26 10:31:05] |    StreamProcess.cpp-L1471: delete one DataNode
[2019-10-26 10:31:05] |    StreamProcess.cpp-L1471: delete one DataNode
[2019-10-26 10:31:05] |    StreamProcess.cpp-L1471: delete one DataNode
[2019-10-26 10:31:05] |    StreamProcess.cpp-L0541: nFrameNum[289] pstFrameInfo->nFrameNum[300]
[2019-10-26 10:31:05] |    StreamProcess.cpp-L1471: delete one DataNode
[2019-10-26 10:31:05] |    StreamProcess.cpp-L1471: delete one DataNode
[2019-10-26 10:31:05] |    StreamProcess.cpp-L1471: delete one DataNode
[2019-10-26 10:31:05] |    StreamProcess.cpp-L1471: delete one DataNode
[2019-10-26 10:31:05] |    StreamProcess.cpp-L1471: delete one DataNode
[2019-10-26 10:31:05] |    StreamProcess.cpp-L1471: delete one DataNode
[2019-10-26 10:31:05] |    StreamProcess.cpp-L1471: delete one DataNode
[2019-10-26 10:31:05] |    StreamProcess.cpp-L1471: delete one DataNode
[2019-10-26 10:31:05] |    StreamProcess.cpp-L1471: delete one DataNode
[2019-10-26 10:31:05] |    StreamProcess.cpp-L1471: delete one DataNode
[2019-10-26 10:31:05] |    StreamProcess.cpp-L0541: nFrameNum[300] pstFrameInfo->nFrameNum[311]
[2019-10-26 10:31:05] |    StreamProcess.cpp-L1471: delete one DataNode
[2019-10-26 10:31:05] |    StreamProcess.cpp-L1471: delete one DataNode
[2019-10-26 10:31:05] |    StreamProcess.cpp-L1471: delete one DataNode
[2019-10-26 10:31:05] |    StreamProcess.cpp-L1471: delete one DataNode
[2019-10-26 10:31:05] |    StreamProcess.cpp-L1471: delete one DataNode
[2019-10-26 10:31:05] |    StreamProcess.cpp-L1471: delete one DataNode
[2019-10-26 10:31:05] |    StreamProcess.cpp-L1471: delete one DataNode
[2019-10-26 10:31:05] |    StreamProcess.cpp-L1471: delete one DataNode
[2019-10-26 10:31:05] |    StreamProcess.cpp-L1471: delete one DataNode
[2019-10-26 10:31:05] |    StreamProcess.cpp-L1471: delete one DataNode
[2019-10-26 10:31:05] |    StreamProcess.cpp-L0541: nFrameNum[311] pstFrameInfo->nFrameNum[322]
[2019-10-26 10:31:05] |    StreamProcess.cpp-L1471: delete one DataNode
[2019-10-26 10:31:05] |    StreamProcess.cpp-L1471: delete one DataNode
[2019-10-26 10:31:05] |    StreamProcess.cpp-L1471: delete one DataNode
[2019-10-26 10:31:05] |    StreamProcess.cpp-L1471: delete one DataNode
[2019-10-26 10:31:05] |    StreamProcess.cpp-L1471: delete one DataNode
[2019-10-26 10:31:05] |    StreamProcess.cpp-L1471: delete one DataNode
[2019-10-26 10:31:05] |    StreamProcess.cpp-L1471: delete one DataNode
[2019-10-26 10:31:05] |    StreamProcess.cpp-L1471: delete one DataNode
[2019-10-26 10:31:05] |    StreamProcess.cpp-L1471: delete one DataNode
[2019-10-26 10:31:05] |    StreamProcess.cpp-L1471: delete one DataNode
[2019-10-26 10:31:05] |    StreamProcess.cpp-L0541: nFrameNum[322] pstFrameInfo->nFrameNum[333]
[2019-10-26 10:31:05] |    StreamProcess.cpp-L1471: delete one DataNode
[2019-10-26 10:31:05] |    StreamProcess.cpp-L1471: delete one DataNode
[2019-10-26 10:31:05] |    StreamProcess.cpp-L1471: delete one DataNode
[2019-10-26 10:31:05] |    StreamProcess.cpp-L1471: delete one DataNode
[2019-10-26 10:31:05] |    StreamProcess.cpp-L1471: delete one DataNode
[2019-10-26 10:31:05] |    StreamProcess.cpp-L1471: delete one DataNode
[2019-10-26 10:31:05] |    StreamProcess.cpp-L1471: delete one DataNode
[2019-10-26 10:31:05] |    StreamProcess.cpp-L1471: delete one DataNode
[2019-10-26 10:31:05] |    StreamProcess.cpp-L1471: delete one DataNode
[2019-10-26 10:31:05] |    StreamProcess.cpp-L1471: delete one DataNode
[2019-10-26 10:31:05] |    StreamProcess.cpp-L0541: nFrameNum[333] pstFrameInfo->nFrameNum[344]
[2019-10-26 10:31:05] |    StreamProcess.cpp-L1471: delete one DataNode
[2019-10-26 10:31:05] |    StreamProcess.cpp-L1471: delete one DataNode
[2019-10-26 10:31:05] |    StreamProcess.cpp-L1471: delete one DataNode
[2019-10-26 10:31:05] |    StreamProcess.cpp-L1471: delete one DataNode
[2019-10-26 10:31:05] |    StreamProcess.cpp-L1471: delete one DataNode
[2019-10-26 10:31:05] |    StreamProcess.cpp-L1471: delete one DataNode
[2019-10-26 10:31:05] |    StreamProcess.cpp-L1471: delete one DataNode
[2019-10-26 10:31:05] |    StreamProcess.cpp-L1471: delete one DataNode
[2019-10-26 10:31:05] |    StreamProcess.cpp-L1471: delete one DataNode
[2019-10-26 10:31:05] |    StreamProcess.cpp-L1471: delete one DataNode
[2019-10-26 10:31:05] |    StreamProcess.cpp-L0541: nFrameNum[344] pstFrameInfo->nFrameNum[355]
[2019-10-26 10:31:05] |    StreamProcess.cpp-L1471: delete one DataNode
[2019-10-26 10:31:05] |    StreamProcess.cpp-L1471: delete one DataNode
[2019-10-26 10:31:06] |    StreamProcess.cpp-L1471: delete one DataNode
[2019-10-26 10:31:06] |    StreamProcess.cpp-L1471: delete one DataNode
[2019-10-26 10:31:06] |    StreamProcess.cpp-L1471: delete one DataNode
[2019-10-26 10:31:06] |    StreamProcess.cpp-L1471: delete one DataNode
[2019-10-26 10:31:06] |    StreamProcess.cpp-L1471: delete one DataNode
[2019-10-26 10:31:06] |    StreamProcess.cpp-L1471: delete one DataNode
[2019-10-26 10:31:06] |    StreamProcess.cpp-L1471: delete one DataNode
[2019-10-26 10:31:06] |    StreamProcess.cpp-L1471: delete one DataNode
[2019-10-26 10:31:06] |    StreamProcess.cpp-L0541: nFrameNum[355] pstFrameInfo->nFrameNum[366]
[2019-10-26 10:31:06] |    StreamProcess.cpp-L1471: delete one DataNode
[2019-10-26 10:31:06] |    StreamProcess.cpp-L1471: delete one DataNode
[2019-10-26 10:31:06] |    StreamProcess.cpp-L1471: delete one DataNode
[2019-10-26 10:31:06] |    StreamProcess.cpp-L1471: delete one DataNode
[2019-10-26 10:31:06] |    StreamProcess.cpp-L1471: delete one DataNode
[2019-10-26 10:31:06] |    StreamProcess.cpp-L1471: delete one DataNode
[2019-10-26 10:31:06] |    StreamProcess.cpp-L1471: delete one DataNode
[2019-10-26 10:31:06] |    StreamProcess.cpp-L1471: delete one DataNode
[2019-10-26 10:31:06] |    StreamProcess.cpp-L1471: delete one DataNode
[2019-10-26 10:31:06] |    StreamProcess.cpp-L1471: delete one DataNode
[2019-10-26 10:31:06] |    StreamProcess.cpp-L0541: nFrameNum[366] pstFrameInfo->nFrameNum[377]
[2019-10-26 10:31:06] |    StreamProcess.cpp-L1471: delete one DataNode
[2019-10-26 10:31:06] |    StreamProcess.cpp-L1471: delete one DataNode
[2019-10-26 10:31:06] |    StreamProcess.cpp-L1471: delete one DataNode
[2019-10-26 10:31:06] |    StreamProcess.cpp-L1471: delete one DataNode
[2019-10-26 10:31:06] |    StreamProcess.cpp-L1471: delete one DataNode
[2019-10-26 10:31:06] |    StreamProcess.cpp-L1471: delete one DataNode
[2019-10-26 10:31:06] |    StreamProcess.cpp-L1471: delete one DataNode
[2019-10-26 10:31:06] |    StreamProcess.cpp-L1471: delete one DataNode
[2019-10-26 10:31:06] |    StreamProcess.cpp-L1471: delete one DataNode
[2019-10-26 10:31:06] |    StreamProcess.cpp-L1471: delete one DataNode
[2019-10-26 10:31:06] |    StreamProcess.cpp-L1471: delete one DataNode
[2019-10-26 10:31:06] |    StreamProcess.cpp-L0541: nFrameNum[377] pstFrameInfo->nFrameNum[389]
[2019-10-26 10:31:06] |    StreamProcess.cpp-L1471: delete one DataNode
[2019-10-26 10:31:06] |    StreamProcess.cpp-L1471: delete one DataNode
[2019-10-26 10:31:06] |    StreamProcess.cpp-L1471: delete one DataNode
[2019-10-26 10:31:06] |    StreamProcess.cpp-L1471: delete one DataNode
[2019-10-26 10:31:06] |    StreamProcess.cpp-L1471: delete one DataNode
[2019-10-26 10:31:06] |    StreamProcess.cpp-L1471: delete one DataNode
[2019-10-26 10:31:06] |    StreamProcess.cpp-L1471: delete one DataNode
[2019-10-26 10:31:06] |    StreamProcess.cpp-L1471: delete one DataNode
[2019-10-26 10:31:06] |    StreamProcess.cpp-L1471: delete one DataNode
[2019-10-26 10:31:06] |    StreamProcess.cpp-L1471: delete one DataNode
[2019-10-26 10:31:06] |    StreamProcess.cpp-L0541: nFrameNum[389] pstFrameInfo->nFrameNum[400]
[2019-10-26 10:31:06] |    StreamProcess.cpp-L1471: delete one DataNode
[2019-10-26 10:31:06] |    StreamProcess.cpp-L1471: delete one DataNode
[2019-10-26 10:31:06] |    StreamProcess.cpp-L1471: delete one DataNode
[2019-10-26 10:31:06] |    StreamProcess.cpp-L1471: delete one DataNode
[2019-10-26 10:31:06] |    StreamProcess.cpp-L1471: delete one DataNode
[2019-10-26 10:31:06] |    StreamProcess.cpp-L1471: delete one DataNode
[2019-10-26 10:31:06] |    StreamProcess.cpp-L1471: delete one DataNode
[2019-10-26 10:31:06] |    StreamProcess.cpp-L1471: delete one DataNode
[2019-10-26 10:31:06] |    StreamProcess.cpp-L1471: delete one DataNode
[2019-10-26 10:31:06] |    StreamProcess.cpp-L1471: delete one DataNode
[2019-10-26 10:31:06] |    StreamProcess.cpp-L0541: nFrameNum[400] pstFrameInfo->nFrameNum[411]
[2019-10-26 10:31:06] |    StreamProcess.cpp-L1471: delete one DataNode
[2019-10-26 10:31:06] |    StreamProcess.cpp-L1471: delete one DataNode
[2019-10-26 10:31:06] |    StreamProcess.cpp-L1471: delete one DataNode
[2019-10-26 10:31:06] |    StreamProcess.cpp-L1471: delete one DataNode
[2019-10-26 10:31:06] |    StreamProcess.cpp-L1471: delete one DataNode
[2019-10-26 10:31:06] |    StreamProcess.cpp-L1471: delete one DataNode
[2019-10-26 10:31:06] |    StreamProcess.cpp-L1471: delete one DataNode
[2019-10-26 10:31:06] |    StreamProcess.cpp-L1471: delete one DataNode
[2019-10-26 10:31:06] |    StreamProcess.cpp-L1471: delete one DataNode
[2019-10-26 10:31:06] |    StreamProcess.cpp-L1471: delete one DataNode
[2019-10-26 10:31:06] |    StreamProcess.cpp-L0541: nFrameNum[411] pstFrameInfo->nFrameNum[422]
[2019-10-26 10:31:06] |    StreamProcess.cpp-L1471: delete one DataNode
[2019-10-26 10:31:06] |    StreamProcess.cpp-L1471: delete one DataNode
[2019-10-26 10:31:06] |    StreamProcess.cpp-L1471: delete one DataNode
[2019-10-26 10:31:06] |    StreamProcess.cpp-L1471: delete one DataNode
[2019-10-26 10:31:06] |    StreamProcess.cpp-L1471: delete one DataNode
[2019-10-26 10:31:06] |    StreamProcess.cpp-L1471: delete one DataNode
[2019-10-26 10:31:06] |    StreamProcess.cpp-L1471: delete one DataNode
[2019-10-26 10:31:06] |    StreamProcess.cpp-L1471: delete one DataNode
[2019-10-26 10:31:06] |    StreamProcess.cpp-L1471: delete one DataNode
[2019-10-26 10:31:06] |    StreamProcess.cpp-L1471: delete one DataNode
[2019-10-26 10:31:06] |    StreamProcess.cpp-L0541: nFrameNum[422] pstFrameInfo->nFrameNum[433]
[2019-10-26 10:31:06] |    StreamProcess.cpp-L1471: delete one DataNode
[2019-10-26 10:31:06] |    StreamProcess.cpp-L1471: delete one DataNode
[2019-10-26 10:31:06] |    StreamProcess.cpp-L1471: delete one DataNode
[2019-10-26 10:31:06] |    StreamProcess.cpp-L1471: delete one DataNode
[2019-10-26 10:31:06] |    StreamProcess.cpp-L1471: delete one DataNode
[2019-10-26 10:31:06] |    StreamProcess.cpp-L1471: delete one DataNode
[2019-10-26 10:31:06] |    StreamProcess.cpp-L1471: delete one DataNode
[2019-10-26 10:31:06] |    StreamProcess.cpp-L1471: delete one DataNode
[2019-10-26 10:31:06] |    StreamProcess.cpp-L1471: delete one DataNode
[2019-10-26 10:31:06] |    StreamProcess.cpp-L1471: delete one DataNode
[2019-10-26 10:31:06] |    StreamProcess.cpp-L0541: nFrameNum[433] pstFrameInfo->nFrameNum[444]
[2019-10-26 10:31:06] |    StreamProcess.cpp-L1471: delete one DataNode
[2019-10-26 10:31:06] |    StreamProcess.cpp-L1471: delete one DataNode
[2019-10-26 10:31:06] |    StreamProcess.cpp-L1471: delete one DataNode
[2019-10-26 10:31:07] |    StreamProcess.cpp-L1471: delete one DataNode
[2019-10-26 10:31:07] |    StreamProcess.cpp-L1471: delete one DataNode
[2019-10-26 10:31:07] |    StreamProcess.cpp-L1471: delete one DataNode
[2019-10-26 10:31:07] |    StreamProcess.cpp-L1471: delete one DataNode
[2019-10-26 10:31:07] |    StreamProcess.cpp-L1471: delete one DataNode
[2019-10-26 10:31:07] |    StreamProcess.cpp-L1471: delete one DataNode
[2019-10-26 10:31:07] |    StreamProcess.cpp-L1471: delete one DataNode
[2019-10-26 10:31:07] |    StreamProcess.cpp-L0541: nFrameNum[444] pstFrameInfo->nFrameNum[455]
[2019-10-26 10:31:07] |    StreamProcess.cpp-L1471: delete one DataNode
[2019-10-26 10:31:07] |    StreamProcess.cpp-L1471: delete one DataNode
[2019-10-26 10:31:07] |    StreamProcess.cpp-L1471: delete one DataNode
[2019-10-26 10:31:07] |    StreamProcess.cpp-L1471: delete one DataNode
[2019-10-26 10:31:07] |    StreamProcess.cpp-L1471: delete one DataNode
[2019-10-26 10:31:07] |    StreamProcess.cpp-L1471: delete one DataNode
[2019-10-26 10:31:07] |    StreamProcess.cpp-L1471: delete one DataNode
[2019-10-26 10:31:07] |    StreamProcess.cpp-L1471: delete one DataNode
[2019-10-26 10:31:07] |    StreamProcess.cpp-L1471: delete one DataNode
[2019-10-26 10:31:07] |    StreamProcess.cpp-L1471: delete one DataNode
[2019-10-26 10:31:07] |    StreamProcess.cpp-L0541: nFrameNum[455] pstFrameInfo->nFrameNum[466]
[2019-10-26 10:31:07] |    StreamProcess.cpp-L1471: delete one DataNode
[2019-10-26 10:31:07] |    StreamProcess.cpp-L1471: delete one DataNode
[2019-10-26 10:31:07] |    StreamProcess.cpp-L1471: delete one DataNode
[2019-10-26 10:31:07] |    StreamProcess.cpp-L1471: delete one DataNode
[2019-10-26 10:31:07] |    StreamProcess.cpp-L1471: delete one DataNode
[2019-10-26 10:31:07] |    StreamProcess.cpp-L1471: delete one DataNode
[2019-10-26 10:31:07] |    StreamProcess.cpp-L1471: delete one DataNode
[2019-10-26 10:31:07] |    StreamProcess.cpp-L1471: delete one DataNode
[2019-10-26 10:31:07] |    StreamProcess.cpp-L1471: delete one DataNode
[2019-10-26 10:31:07] |    StreamProcess.cpp-L1471: delete one DataNode
[2019-10-26 10:31:07] |    StreamProcess.cpp-L0541: nFrameNum[466] pstFrameInfo->nFrameNum[477]
[2019-10-26 10:31:07] |    StreamProcess.cpp-L1471: delete one DataNode
[2019-10-26 10:31:07] |    StreamProcess.cpp-L1471: delete one DataNode
[2019-10-26 10:31:07] |    StreamProcess.cpp-L1471: delete one DataNode
[2019-10-26 10:31:07] |    StreamProcess.cpp-L1471: delete one DataNode
[2019-10-26 10:31:07] |    StreamProcess.cpp-L1471: delete one DataNode
[2019-10-26 10:31:07] |    StreamProcess.cpp-L1471: delete one DataNode
[2019-10-26 10:31:07] |    StreamProcess.cpp-L1471: delete one DataNode
[2019-10-26 10:31:07] |    StreamProcess.cpp-L1471: delete one DataNode
[2019-10-26 10:31:07] |    StreamProcess.cpp-L1471: delete one DataNode
[2019-10-26 10:31:07] |    StreamProcess.cpp-L1471: delete one DataNode
[2019-10-26 10:31:07] |    StreamProcess.cpp-L0541: nFrameNum[477] pstFrameInfo->nFrameNum[488]
[2019-10-26 10:31:07] |    StreamProcess.cpp-L1471: delete one DataNode
[2019-10-26 10:31:07] |    StreamProcess.cpp-L1471: delete one DataNode
[2019-10-26 10:31:07] |    StreamProcess.cpp-L1471: delete one DataNode
[2019-10-26 10:31:07] |    StreamProcess.cpp-L1471: delete one DataNode
[2019-10-26 10:31:07] |    StreamProcess.cpp-L1471: delete one DataNode
[2019-10-26 10:31:07] |    StreamProcess.cpp-L1471: delete one DataNode
[2019-10-26 10:31:07] |    StreamProcess.cpp-L1471: delete one DataNode
[2019-10-26 10:31:07] |    StreamProcess.cpp-L1471: delete one DataNode
[2019-10-26 10:31:07] |    StreamProcess.cpp-L1471: delete one DataNode
[2019-10-26 10:31:07] |    StreamProcess.cpp-L1471: delete one DataNode
[2019-10-26 10:31:07] |    StreamProcess.cpp-L1471: delete one DataNode
[2019-10-26 10:31:07] |    StreamProcess.cpp-L0541: nFrameNum[488] pstFrameInfo->nFrameNum[500]
[2019-10-26 10:31:07] |    StreamProcess.cpp-L1471: delete one DataNode
[2019-10-26 10:31:07] |    StreamProcess.cpp-L1471: delete one DataNode
[2019-10-26 10:31:07] |    StreamProcess.cpp-L1471: delete one DataNode
[2019-10-26 10:31:07] |    StreamProcess.cpp-L1471: delete one DataNode
[2019-10-26 10:31:07] |    StreamProcess.cpp-L1471: delete one DataNode
[2019-10-26 10:31:07] |    StreamProcess.cpp-L1471: delete one DataNode
[2019-10-26 10:31:07] |    StreamProcess.cpp-L1471: delete one DataNode
[2019-10-26 10:31:07] |    StreamProcess.cpp-L1471: delete one DataNode
[2019-10-26 10:31:07] |    StreamProcess.cpp-L1471: delete one DataNode
[2019-10-26 10:31:07] |    StreamProcess.cpp-L1471: delete one DataNode
[2019-10-26 10:31:07] |    StreamProcess.cpp-L0541: nFrameNum[500] pstFrameInfo->nFrameNum[511]
[2019-10-26 10:31:07] |    StreamProcess.cpp-L1471: delete one DataNode
[2019-10-26 10:31:07] |    StreamProcess.cpp-L1471: delete one DataNode
[2019-10-26 10:31:07] |    StreamProcess.cpp-L1471: delete one DataNode
[2019-10-26 10:31:07] |    StreamProcess.cpp-L1471: delete one DataNode
[2019-10-26 10:31:07] |    StreamProcess.cpp-L1471: delete one DataNode
[2019-10-26 10:31:07] |    StreamProcess.cpp-L1471: delete one DataNode
[2019-10-26 10:31:07] |    StreamProcess.cpp-L1471: delete one DataNode
[2019-10-26 10:31:07] |    StreamProcess.cpp-L1471: delete one DataNode
[2019-10-26 10:31:07] |    StreamProcess.cpp-L1471: delete one DataNode
[2019-10-26 10:31:07] |    StreamProcess.cpp-L1471: delete one DataNode
[2019-10-26 10:31:07] |    StreamProcess.cpp-L0541: nFrameNum[511] pstFrameInfo->nFrameNum[522]
[2019-10-26 10:31:07] |    StreamProcess.cpp-L1471: delete one DataNode
[2019-10-26 10:31:07] |    StreamProcess.cpp-L1471: delete one DataNode
[2019-10-26 10:31:07] |    StreamProcess.cpp-L1471: delete one DataNode
[2019-10-26 10:31:07] |    StreamProcess.cpp-L1471: delete one DataNode
[2019-10-26 10:31:07] |    StreamProcess.cpp-L1471: delete one DataNode
[2019-10-26 10:31:07] |    StreamProcess.cpp-L1471: delete one DataNode
[2019-10-26 10:31:07] |    StreamProcess.cpp-L1471: delete one DataNode
[2019-10-26 10:31:07] |    StreamProcess.cpp-L1471: delete one DataNode
[2019-10-26 10:31:07] |    StreamProcess.cpp-L1471: delete one DataNode
[2019-10-26 10:31:07] |    StreamProcess.cpp-L1471: delete one DataNode
[2019-10-26 10:31:07] |    StreamProcess.cpp-L0541: nFrameNum[522] pstFrameInfo->nFrameNum[533]
[2019-10-26 10:31:07] |    StreamProcess.cpp-L1471: delete one DataNode
[2019-10-26 10:31:07] |    StreamProcess.cpp-L1471: delete one DataNode
[2019-10-26 10:31:07] |    StreamProcess.cpp-L1471: delete one DataNode
[2019-10-26 10:31:07] |    StreamProcess.cpp-L1471: delete one DataNode
[2019-10-26 10:31:08] |    StreamProcess.cpp-L1471: delete one DataNode
[2019-10-26 10:31:08] |    StreamProcess.cpp-L1471: delete one DataNode
[2019-10-26 10:31:08] |    StreamProcess.cpp-L1471: delete one DataNode
[2019-10-26 10:31:08] |    StreamProcess.cpp-L1471: delete one DataNode
[2019-10-26 10:31:08] |    StreamProcess.cpp-L1471: delete one DataNode
[2019-10-26 10:31:08] |    StreamProcess.cpp-L1471: delete one DataNode
[2019-10-26 10:31:08] |    StreamProcess.cpp-L0541: nFrameNum[533] pstFrameInfo->nFrameNum[544]
[2019-10-26 10:31:08] |    StreamProcess.cpp-L1471: delete one DataNode
[2019-10-26 10:31:08] |    StreamProcess.cpp-L1471: delete one DataNode
[2019-10-26 10:31:08] |    StreamProcess.cpp-L1471: delete one DataNode
[2019-10-26 10:31:08] |    StreamProcess.cpp-L1471: delete one DataNode
[2019-10-26 10:31:08] |    StreamProcess.cpp-L1471: delete one DataNode
[2019-10-26 10:31:08] |    StreamProcess.cpp-L1471: delete one DataNode
[2019-10-26 10:31:08] |    StreamProcess.cpp-L1471: delete one DataNode
[2019-10-26 10:31:08] |    StreamProcess.cpp-L1471: delete one DataNode
[2019-10-26 10:31:08] |    StreamProcess.cpp-L1471: delete one DataNode
[2019-10-26 10:31:08] |    StreamProcess.cpp-L1471: delete one DataNode
[2019-10-26 10:31:08] |    StreamProcess.cpp-L0541: nFrameNum[544] pstFrameInfo->nFrameNum[555]
[2019-10-26 10:31:08] |    StreamProcess.cpp-L1471: delete one DataNode
[2019-10-26 10:31:08] |    StreamProcess.cpp-L1471: delete one DataNode
[2019-10-26 10:31:08] |    StreamProcess.cpp-L1471: delete one DataNode
[2019-10-26 10:31:08] |    StreamProcess.cpp-L1471: delete one DataNode
[2019-10-26 10:31:08] |    StreamProcess.cpp-L1471: delete one DataNode
[2019-10-26 10:31:08] |    StreamProcess.cpp-L1471: delete one DataNode
[2019-10-26 10:31:08] |    StreamProcess.cpp-L1471: delete one DataNode
[2019-10-26 10:31:08] |    StreamProcess.cpp-L1471: delete one DataNode
[2019-10-26 10:31:08] |    StreamProcess.cpp-L1471: delete one DataNode
[2019-10-26 10:31:08] |    StreamProcess.cpp-L1471: delete one DataNode
[2019-10-26 10:31:08] |    StreamProcess.cpp-L1471: delete one DataNode
[2019-10-26 10:31:08] |    DeviceControl.cpp-L1480: AcquisitionStop Execute Success 
[2019-10-26 10:31:08] |    StreamProcess.cpp-L1021: RecvThread exit
[2019-10-26 10:31:08] |    StreamProcess.cpp-L0324: getfcnt [51], getfcntsucceed[51], totalRecv[568] 
